[INFO] [2020-01-06 17:39:12][org.springframework.boot.test.context.SpringBootTestContextBootstrapper - 308]Neither @ContextConfiguration nor @ContextHierarchy found for test class [com.qy.test.Test1], using SpringBootContextLoader
[INFO] [2020-01-06 17:39:12][org.springframework.test.context.support.AbstractContextLoader - 264]Could not detect default resource locations for test class [com.qy.test.Test1]: no resource found for suffixes {-context.xml, Context.groovy}.
[INFO] [2020-01-06 17:39:13][org.springframework.boot.test.context.SpringBootTestContextBootstrapper - 248]Loaded default TestExecutionListener class names from location [META-INF/spring.factories]: [org.springframework.boot.test.autoconfigure.restdocs.RestDocsTestExecutionListener, org.springframework.boot.test.autoconfigure.web.client.MockRestServiceServerResetTestExecutionListener, org.springframework.boot.test.autoconfigure.web.servlet.MockMvcPrintOnlyOnFailureTestExecutionListener, org.springframework.boot.test.autoconfigure.web.servlet.WebDriverTestExecutionListener, org.springframework.test.context.web.ServletTestExecutionListener, org.springframework.test.context.support.DirtiesContextBeforeModesTestExecutionListener, org.springframework.test.context.support.DependencyInjectionTestExecutionListener, org.springframework.test.context.support.DirtiesContextTestExecutionListener, org.springframework.test.context.transaction.TransactionalTestExecutionListener, org.springframework.test.context.jdbc.SqlScriptsTestExecutionListener, org.springframework.boot.test.mock.mockito.MockitoTestExecutionListener, org.springframework.boot.test.mock.mockito.ResetMocksTestExecutionListener]
[INFO] [2020-01-06 17:39:13][org.springframework.boot.test.context.SpringBootTestContextBootstrapper - 177]Using TestExecutionListeners: [org.springframework.test.context.web.ServletTestExecutionListener@5cee5251, org.springframework.test.context.support.DirtiesContextBeforeModesTestExecutionListener@433d61fb, org.springframework.boot.test.mock.mockito.MockitoTestExecutionListener@5c909414, org.springframework.boot.test.autoconfigure.SpringBootDependencyInjectionTestExecutionListener@4b14c583, org.springframework.test.context.support.DirtiesContextTestExecutionListener@65466a6a, org.springframework.test.context.transaction.TransactionalTestExecutionListener@4ddced80, org.springframework.test.context.jdbc.SqlScriptsTestExecutionListener@1534f01b, org.springframework.boot.test.autoconfigure.restdocs.RestDocsTestExecutionListener@78e117e3, org.springframework.boot.test.autoconfigure.web.client.MockRestServiceServerResetTestExecutionListener@2ea227af, org.springframework.boot.test.autoconfigure.web.servlet.MockMvcPrintOnlyOnFailureTestExecutionListener@4386f16, org.springframework.boot.test.autoconfigure.web.servlet.WebDriverTestExecutionListener@363ee3a2, org.springframework.boot.test.mock.mockito.ResetMocksTestExecutionListener@4690b489]
[INFO] [2020-01-06 17:39:13][org.hibernate.validator.internal.util.Version - 21]HV000001: Hibernate Validator 6.0.17.Final
[WARN] [2020-01-06 17:39:13][org.springframework.boot.test.json.DuplicateJsonObjectContextCustomizerFactory$DuplicateJsonObjectContextCustomizer - 81]

Found multiple occurrences of org.json.JSONObject on the class path:

	jar:file:/E:/Java----maven/localRepository/com/vaadin/external/google/android-json/0.0.20131108.vaadin1/android-json-0.0.20131108.vaadin1.jar!/org/json/JSONObject.class
	jar:file:/E:/Java----maven/localRepository/org/json/json/20190722/json-20190722.jar!/org/json/JSONObject.class

You may wish to exclude one of them to ensure predictable runtime behavior

[INFO] [2020-01-06 17:39:13][com.qy.test.Test1 - 50]Starting Test1 on DESKTOP-MV63QL8 with PID 17812 (started by QY3022 in C:\Users\QY3022\Desktop\Test\springboot-demo)
[INFO] [2020-01-06 17:39:13][com.qy.test.Test1 - 648]No active profile set, falling back to default profiles: default
[WARN] [2020-01-06 17:39:14][org.mybatis.spring.mapper.ClassPathMapperScanner - 167]No MyBatis mapper was found in '[com.qy]' package. Please check your configuration.
[INFO] [2020-01-06 17:39:14][com.ulisesbocchio.jasyptspringboot.configuration.EnableEncryptablePropertiesBeanFactoryPostProcessor - 48]Post-processing PropertySource instances
[INFO] [2020-01-06 17:39:14][com.ulisesbocchio.jasyptspringboot.EncryptablePropertySourceConverter - 41]Converting PropertySource configurationProperties [org.springframework.boot.context.properties.source.ConfigurationPropertySourcesPropertySource] to AOP Proxy
[INFO] [2020-01-06 17:39:14][com.ulisesbocchio.jasyptspringboot.EncryptablePropertySourceConverter - 41]Converting PropertySource Inlined Test Properties [org.springframework.core.env.MapPropertySource] to EncryptableMapPropertySourceWrapper
[INFO] [2020-01-06 17:39:14][com.ulisesbocchio.jasyptspringboot.EncryptablePropertySourceConverter - 41]Converting PropertySource systemProperties [org.springframework.core.env.PropertiesPropertySource] to EncryptableMapPropertySourceWrapper
[INFO] [2020-01-06 17:39:14][com.ulisesbocchio.jasyptspringboot.EncryptablePropertySourceConverter - 41]Converting PropertySource systemEnvironment [org.springframework.boot.env.SystemEnvironmentPropertySourceEnvironmentPostProcessor$OriginAwareSystemEnvironmentPropertySource] to EncryptableSystemEnvironmentPropertySourceWrapper
[INFO] [2020-01-06 17:39:14][com.ulisesbocchio.jasyptspringboot.EncryptablePropertySourceConverter - 41]Converting PropertySource random [org.springframework.boot.env.RandomValuePropertySource] to EncryptablePropertySourceWrapper
[INFO] [2020-01-06 17:39:14][com.ulisesbocchio.jasyptspringboot.EncryptablePropertySourceConverter - 41]Converting PropertySource applicationConfig: [classpath:/application.yml] [org.springframework.boot.env.OriginTrackedMapPropertySource] to EncryptableMapPropertySourceWrapper
[INFO] [2020-01-06 17:39:14][com.ulisesbocchio.jasyptspringboot.filter.DefaultLazyPropertyFilter - 34]Property Filter custom Bean not found with name 'encryptablePropertyFilter'. Initializing Default Property Filter
[INFO] [2020-01-06 17:39:14][com.ulisesbocchio.jasyptspringboot.resolver.DefaultLazyPropertyResolver - 35]Property Resolver custom Bean not found with name 'encryptablePropertyResolver'. Initializing Default Property Resolver
[INFO] [2020-01-06 17:39:14][com.ulisesbocchio.jasyptspringboot.detector.DefaultLazyPropertyDetector - 33]Property Detector custom Bean not found with name 'encryptablePropertyDetector'. Initializing Default Property Detector
[INFO] [2020-01-06 17:39:15][org.springframework.scheduling.concurrent.ThreadPoolTaskExecutor - 171]Initializing ExecutorService 'applicationTaskExecutor'
[WARN] [2020-01-06 17:39:15][org.springframework.boot.autoconfigure.freemarker.FreeMarkerAutoConfiguration - 67]Cannot find template location(s): [classpath:/templates/] (please add some templates, check your FreeMarker configuration, or set spring.freemarker.checkTemplateLocation=false)
[INFO] [2020-01-06 17:39:16][com.qy.test.Test1 - 59]Started Test1 in 2.946 seconds (JVM running for 3.712)
[INFO] [2020-01-06 17:39:16][com.ulisesbocchio.jasyptspringboot.encryptor.DefaultLazyEncryptor - 37]String Encryptor custom Bean not found with name 'jasyptStringEncryptor'. Initializing Default String Encryptor
[INFO] [2020-01-06 17:39:16][com.ulisesbocchio.jasyptspringboot.encryptor.DefaultLazyEncryptor - 91]Encryptor config not found for property jasypt.encryptor.algorithm, using default value: PBEWithMD5AndDES
[INFO] [2020-01-06 17:39:16][com.ulisesbocchio.jasyptspringboot.encryptor.DefaultLazyEncryptor - 91]Encryptor config not found for property jasypt.encryptor.key-obtention-iterations, using default value: 1000
[INFO] [2020-01-06 17:39:16][com.ulisesbocchio.jasyptspringboot.encryptor.DefaultLazyEncryptor - 91]Encryptor config not found for property jasypt.encryptor.pool-size, using default value: 1
[INFO] [2020-01-06 17:39:16][com.ulisesbocchio.jasyptspringboot.encryptor.DefaultLazyEncryptor - 91]Encryptor config not found for property jasypt.encryptor.provider-name, using default value: null
[INFO] [2020-01-06 17:39:16][com.ulisesbocchio.jasyptspringboot.encryptor.DefaultLazyEncryptor - 91]Encryptor config not found for property jasypt.encryptor.provider-class-name, using default value: null
[INFO] [2020-01-06 17:39:16][com.ulisesbocchio.jasyptspringboot.encryptor.DefaultLazyEncryptor - 91]Encryptor config not found for property jasypt.encryptor.salt-generator-classname, using default value: org.jasypt.salt.RandomSaltGenerator
[INFO] [2020-01-06 17:39:16][com.ulisesbocchio.jasyptspringboot.encryptor.DefaultLazyEncryptor - 91]Encryptor config not found for property jasypt.encryptor.iv-generator-classname, using default value: org.jasypt.iv.NoIvGenerator
[INFO] [2020-01-06 17:39:16][com.ulisesbocchio.jasyptspringboot.encryptor.DefaultLazyEncryptor - 91]Encryptor config not found for property jasypt.encryptor.string-output-type, using default value: base64
[INFO] [2020-01-06 17:39:17][org.springframework.scheduling.concurrent.ThreadPoolTaskExecutor - 208]Shutting down ExecutorService 'applicationTaskExecutor'
[INFO] [2020-01-06 17:40:35][org.springframework.boot.test.context.SpringBootTestContextBootstrapper - 308]Neither @ContextConfiguration nor @ContextHierarchy found for test class [com.qy.test.Test1], using SpringBootContextLoader
[INFO] [2020-01-06 17:40:35][org.springframework.test.context.support.AbstractContextLoader - 264]Could not detect default resource locations for test class [com.qy.test.Test1]: no resource found for suffixes {-context.xml, Context.groovy}.
[INFO] [2020-01-06 17:40:35][org.springframework.boot.test.context.SpringBootTestContextBootstrapper - 248]Loaded default TestExecutionListener class names from location [META-INF/spring.factories]: [org.springframework.boot.test.autoconfigure.restdocs.RestDocsTestExecutionListener, org.springframework.boot.test.autoconfigure.web.client.MockRestServiceServerResetTestExecutionListener, org.springframework.boot.test.autoconfigure.web.servlet.MockMvcPrintOnlyOnFailureTestExecutionListener, org.springframework.boot.test.autoconfigure.web.servlet.WebDriverTestExecutionListener, org.springframework.test.context.web.ServletTestExecutionListener, org.springframework.test.context.support.DirtiesContextBeforeModesTestExecutionListener, org.springframework.test.context.support.DependencyInjectionTestExecutionListener, org.springframework.test.context.support.DirtiesContextTestExecutionListener, org.springframework.test.context.transaction.TransactionalTestExecutionListener, org.springframework.test.context.jdbc.SqlScriptsTestExecutionListener, org.springframework.boot.test.mock.mockito.MockitoTestExecutionListener, org.springframework.boot.test.mock.mockito.ResetMocksTestExecutionListener]
[INFO] [2020-01-06 17:40:35][org.springframework.boot.test.context.SpringBootTestContextBootstrapper - 177]Using TestExecutionListeners: [org.springframework.test.context.web.ServletTestExecutionListener@5cee5251, org.springframework.test.context.support.DirtiesContextBeforeModesTestExecutionListener@433d61fb, org.springframework.boot.test.mock.mockito.MockitoTestExecutionListener@5c909414, org.springframework.boot.test.autoconfigure.SpringBootDependencyInjectionTestExecutionListener@4b14c583, org.springframework.test.context.support.DirtiesContextTestExecutionListener@65466a6a, org.springframework.test.context.transaction.TransactionalTestExecutionListener@4ddced80, org.springframework.test.context.jdbc.SqlScriptsTestExecutionListener@1534f01b, org.springframework.boot.test.autoconfigure.restdocs.RestDocsTestExecutionListener@78e117e3, org.springframework.boot.test.autoconfigure.web.client.MockRestServiceServerResetTestExecutionListener@2ea227af, org.springframework.boot.test.autoconfigure.web.servlet.MockMvcPrintOnlyOnFailureTestExecutionListener@4386f16, org.springframework.boot.test.autoconfigure.web.servlet.WebDriverTestExecutionListener@363ee3a2, org.springframework.boot.test.mock.mockito.ResetMocksTestExecutionListener@4690b489]
[INFO] [2020-01-06 17:40:35][org.hibernate.validator.internal.util.Version - 21]HV000001: Hibernate Validator 6.0.17.Final
[WARN] [2020-01-06 17:40:36][org.springframework.boot.test.json.DuplicateJsonObjectContextCustomizerFactory$DuplicateJsonObjectContextCustomizer - 81]

Found multiple occurrences of org.json.JSONObject on the class path:

	jar:file:/E:/Java----maven/localRepository/com/vaadin/external/google/android-json/0.0.20131108.vaadin1/android-json-0.0.20131108.vaadin1.jar!/org/json/JSONObject.class
	jar:file:/E:/Java----maven/localRepository/org/json/json/20190722/json-20190722.jar!/org/json/JSONObject.class

You may wish to exclude one of them to ensure predictable runtime behavior

[INFO] [2020-01-06 17:40:36][com.qy.test.Test1 - 50]Starting Test1 on DESKTOP-MV63QL8 with PID 18416 (started by QY3022 in C:\Users\QY3022\Desktop\Test\springboot-demo)
[INFO] [2020-01-06 17:40:36][com.qy.test.Test1 - 648]No active profile set, falling back to default profiles: default
[WARN] [2020-01-06 17:40:36][org.mybatis.spring.mapper.ClassPathMapperScanner - 167]No MyBatis mapper was found in '[com.qy]' package. Please check your configuration.
[INFO] [2020-01-06 17:40:37][com.ulisesbocchio.jasyptspringboot.configuration.EnableEncryptablePropertiesBeanFactoryPostProcessor - 48]Post-processing PropertySource instances
[INFO] [2020-01-06 17:40:37][com.ulisesbocchio.jasyptspringboot.EncryptablePropertySourceConverter - 41]Converting PropertySource configurationProperties [org.springframework.boot.context.properties.source.ConfigurationPropertySourcesPropertySource] to AOP Proxy
[INFO] [2020-01-06 17:40:37][com.ulisesbocchio.jasyptspringboot.EncryptablePropertySourceConverter - 41]Converting PropertySource Inlined Test Properties [org.springframework.core.env.MapPropertySource] to EncryptableMapPropertySourceWrapper
[INFO] [2020-01-06 17:40:37][com.ulisesbocchio.jasyptspringboot.EncryptablePropertySourceConverter - 41]Converting PropertySource systemProperties [org.springframework.core.env.PropertiesPropertySource] to EncryptableMapPropertySourceWrapper
[INFO] [2020-01-06 17:40:37][com.ulisesbocchio.jasyptspringboot.EncryptablePropertySourceConverter - 41]Converting PropertySource systemEnvironment [org.springframework.boot.env.SystemEnvironmentPropertySourceEnvironmentPostProcessor$OriginAwareSystemEnvironmentPropertySource] to EncryptableSystemEnvironmentPropertySourceWrapper
[INFO] [2020-01-06 17:40:37][com.ulisesbocchio.jasyptspringboot.EncryptablePropertySourceConverter - 41]Converting PropertySource random [org.springframework.boot.env.RandomValuePropertySource] to EncryptablePropertySourceWrapper
[INFO] [2020-01-06 17:40:37][com.ulisesbocchio.jasyptspringboot.EncryptablePropertySourceConverter - 41]Converting PropertySource applicationConfig: [classpath:/application.yml] [org.springframework.boot.env.OriginTrackedMapPropertySource] to EncryptableMapPropertySourceWrapper
[INFO] [2020-01-06 17:40:37][com.ulisesbocchio.jasyptspringboot.filter.DefaultLazyPropertyFilter - 34]Property Filter custom Bean not found with name 'encryptablePropertyFilter'. Initializing Default Property Filter
[INFO] [2020-01-06 17:40:37][com.ulisesbocchio.jasyptspringboot.resolver.DefaultLazyPropertyResolver - 35]Property Resolver custom Bean not found with name 'encryptablePropertyResolver'. Initializing Default Property Resolver
[INFO] [2020-01-06 17:40:37][com.ulisesbocchio.jasyptspringboot.detector.DefaultLazyPropertyDetector - 33]Property Detector custom Bean not found with name 'encryptablePropertyDetector'. Initializing Default Property Detector
[INFO] [2020-01-06 17:40:37][org.springframework.scheduling.concurrent.ThreadPoolTaskExecutor - 171]Initializing ExecutorService 'applicationTaskExecutor'
[WARN] [2020-01-06 17:40:38][org.springframework.boot.autoconfigure.freemarker.FreeMarkerAutoConfiguration - 67]Cannot find template location(s): [classpath:/templates/] (please add some templates, check your FreeMarker configuration, or set spring.freemarker.checkTemplateLocation=false)
[INFO] [2020-01-06 17:40:38][com.qy.test.Test1 - 59]Started Test1 in 2.74 seconds (JVM running for 3.464)
[INFO] [2020-01-06 17:40:38][com.ulisesbocchio.jasyptspringboot.encryptor.DefaultLazyEncryptor - 37]String Encryptor custom Bean not found with name 'jasyptStringEncryptor'. Initializing Default String Encryptor
[INFO] [2020-01-06 17:40:38][com.ulisesbocchio.jasyptspringboot.encryptor.DefaultLazyEncryptor - 91]Encryptor config not found for property jasypt.encryptor.algorithm, using default value: PBEWithMD5AndDES
[INFO] [2020-01-06 17:40:38][com.ulisesbocchio.jasyptspringboot.encryptor.DefaultLazyEncryptor - 91]Encryptor config not found for property jasypt.encryptor.key-obtention-iterations, using default value: 1000
[INFO] [2020-01-06 17:40:38][com.ulisesbocchio.jasyptspringboot.encryptor.DefaultLazyEncryptor - 91]Encryptor config not found for property jasypt.encryptor.pool-size, using default value: 1
[INFO] [2020-01-06 17:40:38][com.ulisesbocchio.jasyptspringboot.encryptor.DefaultLazyEncryptor - 91]Encryptor config not found for property jasypt.encryptor.provider-name, using default value: null
[INFO] [2020-01-06 17:40:38][com.ulisesbocchio.jasyptspringboot.encryptor.DefaultLazyEncryptor - 91]Encryptor config not found for property jasypt.encryptor.provider-class-name, using default value: null
[INFO] [2020-01-06 17:40:38][com.ulisesbocchio.jasyptspringboot.encryptor.DefaultLazyEncryptor - 91]Encryptor config not found for property jasypt.encryptor.salt-generator-classname, using default value: org.jasypt.salt.RandomSaltGenerator
[INFO] [2020-01-06 17:40:38][com.ulisesbocchio.jasyptspringboot.encryptor.DefaultLazyEncryptor - 91]Encryptor config not found for property jasypt.encryptor.iv-generator-classname, using default value: org.jasypt.iv.NoIvGenerator
[INFO] [2020-01-06 17:40:38][com.ulisesbocchio.jasyptspringboot.encryptor.DefaultLazyEncryptor - 91]Encryptor config not found for property jasypt.encryptor.string-output-type, using default value: base64
[INFO] [2020-01-06 17:40:39][org.springframework.scheduling.concurrent.ThreadPoolTaskExecutor - 208]Shutting down ExecutorService 'applicationTaskExecutor'
[INFO] [2020-01-06 17:40:52][org.springframework.boot.test.context.SpringBootTestContextBootstrapper - 308]Neither @ContextConfiguration nor @ContextHierarchy found for test class [com.qy.test.Test1], using SpringBootContextLoader
[INFO] [2020-01-06 17:40:52][org.springframework.test.context.support.AbstractContextLoader - 264]Could not detect default resource locations for test class [com.qy.test.Test1]: no resource found for suffixes {-context.xml, Context.groovy}.
[INFO] [2020-01-06 17:40:52][org.springframework.boot.test.context.SpringBootTestContextBootstrapper - 248]Loaded default TestExecutionListener class names from location [META-INF/spring.factories]: [org.springframework.boot.test.autoconfigure.restdocs.RestDocsTestExecutionListener, org.springframework.boot.test.autoconfigure.web.client.MockRestServiceServerResetTestExecutionListener, org.springframework.boot.test.autoconfigure.web.servlet.MockMvcPrintOnlyOnFailureTestExecutionListener, org.springframework.boot.test.autoconfigure.web.servlet.WebDriverTestExecutionListener, org.springframework.test.context.web.ServletTestExecutionListener, org.springframework.test.context.support.DirtiesContextBeforeModesTestExecutionListener, org.springframework.test.context.support.DependencyInjectionTestExecutionListener, org.springframework.test.context.support.DirtiesContextTestExecutionListener, org.springframework.test.context.transaction.TransactionalTestExecutionListener, org.springframework.test.context.jdbc.SqlScriptsTestExecutionListener, org.springframework.boot.test.mock.mockito.MockitoTestExecutionListener, org.springframework.boot.test.mock.mockito.ResetMocksTestExecutionListener]
[INFO] [2020-01-06 17:40:52][org.springframework.boot.test.context.SpringBootTestContextBootstrapper - 177]Using TestExecutionListeners: [org.springframework.test.context.web.ServletTestExecutionListener@5cee5251, org.springframework.test.context.support.DirtiesContextBeforeModesTestExecutionListener@433d61fb, org.springframework.boot.test.mock.mockito.MockitoTestExecutionListener@5c909414, org.springframework.boot.test.autoconfigure.SpringBootDependencyInjectionTestExecutionListener@4b14c583, org.springframework.test.context.support.DirtiesContextTestExecutionListener@65466a6a, org.springframework.test.context.transaction.TransactionalTestExecutionListener@4ddced80, org.springframework.test.context.jdbc.SqlScriptsTestExecutionListener@1534f01b, org.springframework.boot.test.autoconfigure.restdocs.RestDocsTestExecutionListener@78e117e3, org.springframework.boot.test.autoconfigure.web.client.MockRestServiceServerResetTestExecutionListener@2ea227af, org.springframework.boot.test.autoconfigure.web.servlet.MockMvcPrintOnlyOnFailureTestExecutionListener@4386f16, org.springframework.boot.test.autoconfigure.web.servlet.WebDriverTestExecutionListener@363ee3a2, org.springframework.boot.test.mock.mockito.ResetMocksTestExecutionListener@4690b489]
[INFO] [2020-01-06 17:40:52][org.hibernate.validator.internal.util.Version - 21]HV000001: Hibernate Validator 6.0.17.Final
[WARN] [2020-01-06 17:40:52][org.springframework.boot.test.json.DuplicateJsonObjectContextCustomizerFactory$DuplicateJsonObjectContextCustomizer - 81]

Found multiple occurrences of org.json.JSONObject on the class path:

	jar:file:/E:/Java----maven/localRepository/com/vaadin/external/google/android-json/0.0.20131108.vaadin1/android-json-0.0.20131108.vaadin1.jar!/org/json/JSONObject.class
	jar:file:/E:/Java----maven/localRepository/org/json/json/20190722/json-20190722.jar!/org/json/JSONObject.class

You may wish to exclude one of them to ensure predictable runtime behavior

[INFO] [2020-01-06 17:40:52][com.qy.test.Test1 - 50]Starting Test1 on DESKTOP-MV63QL8 with PID 11248 (started by QY3022 in C:\Users\QY3022\Desktop\Test\springboot-demo)
[INFO] [2020-01-06 17:40:52][com.qy.test.Test1 - 648]No active profile set, falling back to default profiles: default
[WARN] [2020-01-06 17:40:53][org.mybatis.spring.mapper.ClassPathMapperScanner - 167]No MyBatis mapper was found in '[com.qy]' package. Please check your configuration.
[INFO] [2020-01-06 17:40:53][com.ulisesbocchio.jasyptspringboot.configuration.EnableEncryptablePropertiesBeanFactoryPostProcessor - 48]Post-processing PropertySource instances
[INFO] [2020-01-06 17:40:53][com.ulisesbocchio.jasyptspringboot.EncryptablePropertySourceConverter - 41]Converting PropertySource configurationProperties [org.springframework.boot.context.properties.source.ConfigurationPropertySourcesPropertySource] to AOP Proxy
[INFO] [2020-01-06 17:40:53][com.ulisesbocchio.jasyptspringboot.EncryptablePropertySourceConverter - 41]Converting PropertySource Inlined Test Properties [org.springframework.core.env.MapPropertySource] to EncryptableMapPropertySourceWrapper
[INFO] [2020-01-06 17:40:53][com.ulisesbocchio.jasyptspringboot.EncryptablePropertySourceConverter - 41]Converting PropertySource systemProperties [org.springframework.core.env.PropertiesPropertySource] to EncryptableMapPropertySourceWrapper
[INFO] [2020-01-06 17:40:53][com.ulisesbocchio.jasyptspringboot.EncryptablePropertySourceConverter - 41]Converting PropertySource systemEnvironment [org.springframework.boot.env.SystemEnvironmentPropertySourceEnvironmentPostProcessor$OriginAwareSystemEnvironmentPropertySource] to EncryptableSystemEnvironmentPropertySourceWrapper
[INFO] [2020-01-06 17:40:53][com.ulisesbocchio.jasyptspringboot.EncryptablePropertySourceConverter - 41]Converting PropertySource random [org.springframework.boot.env.RandomValuePropertySource] to EncryptablePropertySourceWrapper
[INFO] [2020-01-06 17:40:53][com.ulisesbocchio.jasyptspringboot.EncryptablePropertySourceConverter - 41]Converting PropertySource applicationConfig: [classpath:/application.yml] [org.springframework.boot.env.OriginTrackedMapPropertySource] to EncryptableMapPropertySourceWrapper
[INFO] [2020-01-06 17:40:54][com.ulisesbocchio.jasyptspringboot.filter.DefaultLazyPropertyFilter - 34]Property Filter custom Bean not found with name 'encryptablePropertyFilter'. Initializing Default Property Filter
[INFO] [2020-01-06 17:40:54][com.ulisesbocchio.jasyptspringboot.resolver.DefaultLazyPropertyResolver - 35]Property Resolver custom Bean not found with name 'encryptablePropertyResolver'. Initializing Default Property Resolver
[INFO] [2020-01-06 17:40:54][com.ulisesbocchio.jasyptspringboot.detector.DefaultLazyPropertyDetector - 33]Property Detector custom Bean not found with name 'encryptablePropertyDetector'. Initializing Default Property Detector
[INFO] [2020-01-06 17:40:54][org.springframework.scheduling.concurrent.ThreadPoolTaskExecutor - 171]Initializing ExecutorService 'applicationTaskExecutor'
[WARN] [2020-01-06 17:40:55][org.springframework.boot.autoconfigure.freemarker.FreeMarkerAutoConfiguration - 67]Cannot find template location(s): [classpath:/templates/] (please add some templates, check your FreeMarker configuration, or set spring.freemarker.checkTemplateLocation=false)
[INFO] [2020-01-06 17:40:55][com.qy.test.Test1 - 59]Started Test1 in 2.697 seconds (JVM running for 3.45)
[INFO] [2020-01-06 17:40:55][com.ulisesbocchio.jasyptspringboot.encryptor.DefaultLazyEncryptor - 37]String Encryptor custom Bean not found with name 'jasyptStringEncryptor'. Initializing Default String Encryptor
[INFO] [2020-01-06 17:40:55][com.ulisesbocchio.jasyptspringboot.encryptor.DefaultLazyEncryptor - 91]Encryptor config not found for property jasypt.encryptor.algorithm, using default value: PBEWithMD5AndDES
[INFO] [2020-01-06 17:40:55][com.ulisesbocchio.jasyptspringboot.encryptor.DefaultLazyEncryptor - 91]Encryptor config not found for property jasypt.encryptor.key-obtention-iterations, using default value: 1000
[INFO] [2020-01-06 17:40:55][com.ulisesbocchio.jasyptspringboot.encryptor.DefaultLazyEncryptor - 91]Encryptor config not found for property jasypt.encryptor.pool-size, using default value: 1
[INFO] [2020-01-06 17:40:55][com.ulisesbocchio.jasyptspringboot.encryptor.DefaultLazyEncryptor - 91]Encryptor config not found for property jasypt.encryptor.provider-name, using default value: null
[INFO] [2020-01-06 17:40:55][com.ulisesbocchio.jasyptspringboot.encryptor.DefaultLazyEncryptor - 91]Encryptor config not found for property jasypt.encryptor.provider-class-name, using default value: null
[INFO] [2020-01-06 17:40:55][com.ulisesbocchio.jasyptspringboot.encryptor.DefaultLazyEncryptor - 91]Encryptor config not found for property jasypt.encryptor.salt-generator-classname, using default value: org.jasypt.salt.RandomSaltGenerator
[INFO] [2020-01-06 17:40:55][com.ulisesbocchio.jasyptspringboot.encryptor.DefaultLazyEncryptor - 91]Encryptor config not found for property jasypt.encryptor.iv-generator-classname, using default value: org.jasypt.iv.NoIvGenerator
[INFO] [2020-01-06 17:40:55][com.ulisesbocchio.jasyptspringboot.encryptor.DefaultLazyEncryptor - 91]Encryptor config not found for property jasypt.encryptor.string-output-type, using default value: base64
[INFO] [2020-01-06 17:40:56][org.springframework.scheduling.concurrent.ThreadPoolTaskExecutor - 208]Shutting down ExecutorService 'applicationTaskExecutor'
[INFO] [2020-01-06 22:36:32][org.springframework.boot.test.context.SpringBootTestContextBootstrapper - 308]Neither @ContextConfiguration nor @ContextHierarchy found for test class [com.qy.test.Test1], using SpringBootContextLoader
[INFO] [2020-01-06 22:36:32][org.springframework.test.context.support.AbstractContextLoader - 264]Could not detect default resource locations for test class [com.qy.test.Test1]: no resource found for suffixes {-context.xml, Context.groovy}.
[INFO] [2020-01-06 22:36:33][org.springframework.boot.test.context.SpringBootTestContextBootstrapper - 248]Loaded default TestExecutionListener class names from location [META-INF/spring.factories]: [org.springframework.boot.test.autoconfigure.restdocs.RestDocsTestExecutionListener, org.springframework.boot.test.autoconfigure.web.client.MockRestServiceServerResetTestExecutionListener, org.springframework.boot.test.autoconfigure.web.servlet.MockMvcPrintOnlyOnFailureTestExecutionListener, org.springframework.boot.test.autoconfigure.web.servlet.WebDriverTestExecutionListener, org.springframework.test.context.web.ServletTestExecutionListener, org.springframework.test.context.support.DirtiesContextBeforeModesTestExecutionListener, org.springframework.test.context.support.DependencyInjectionTestExecutionListener, org.springframework.test.context.support.DirtiesContextTestExecutionListener, org.springframework.test.context.transaction.TransactionalTestExecutionListener, org.springframework.test.context.jdbc.SqlScriptsTestExecutionListener, org.springframework.boot.test.mock.mockito.MockitoTestExecutionListener, org.springframework.boot.test.mock.mockito.ResetMocksTestExecutionListener]
[INFO] [2020-01-06 22:36:33][org.springframework.boot.test.context.SpringBootTestContextBootstrapper - 177]Using TestExecutionListeners: [org.springframework.test.context.web.ServletTestExecutionListener@433d61fb, org.springframework.test.context.support.DirtiesContextBeforeModesTestExecutionListener@5c909414, org.springframework.boot.test.mock.mockito.MockitoTestExecutionListener@4b14c583, org.springframework.boot.test.autoconfigure.SpringBootDependencyInjectionTestExecutionListener@65466a6a, org.springframework.test.context.support.DirtiesContextTestExecutionListener@4ddced80, org.springframework.test.context.transaction.TransactionalTestExecutionListener@1534f01b, org.springframework.test.context.jdbc.SqlScriptsTestExecutionListener@78e117e3, org.springframework.boot.test.autoconfigure.restdocs.RestDocsTestExecutionListener@2ea227af, org.springframework.boot.test.autoconfigure.web.client.MockRestServiceServerResetTestExecutionListener@4386f16, org.springframework.boot.test.autoconfigure.web.servlet.MockMvcPrintOnlyOnFailureTestExecutionListener@363ee3a2, org.springframework.boot.test.autoconfigure.web.servlet.WebDriverTestExecutionListener@4690b489, org.springframework.boot.test.mock.mockito.ResetMocksTestExecutionListener@79b06cab]
[INFO] [2020-01-06 22:36:33][org.hibernate.validator.internal.util.Version - 21]HV000001: Hibernate Validator 6.0.17.Final
[WARN] [2020-01-06 22:36:33][org.springframework.boot.test.json.DuplicateJsonObjectContextCustomizerFactory$DuplicateJsonObjectContextCustomizer - 81]

Found multiple occurrences of org.json.JSONObject on the class path:

	jar:file:/E:/Java----maven/localRepository/com/vaadin/external/google/android-json/0.0.20131108.vaadin1/android-json-0.0.20131108.vaadin1.jar!/org/json/JSONObject.class
	jar:file:/E:/Java----maven/localRepository/org/json/json/20190722/json-20190722.jar!/org/json/JSONObject.class

You may wish to exclude one of them to ensure predictable runtime behavior

[INFO] [2020-01-06 22:36:33][com.qy.test.Test1 - 50]Starting Test1 on DESKTOP-MV63QL8 with PID 14876 (started by QY3022 in C:\Users\QY3022\Desktop\Test\springboot-demo)
[INFO] [2020-01-06 22:36:33][com.qy.test.Test1 - 648]No active profile set, falling back to default profiles: default
[WARN] [2020-01-06 22:36:34][org.mybatis.spring.mapper.ClassPathMapperScanner - 167]No MyBatis mapper was found in '[com.qy]' package. Please check your configuration.
[INFO] [2020-01-06 22:36:34][com.ulisesbocchio.jasyptspringboot.configuration.EnableEncryptablePropertiesBeanFactoryPostProcessor - 48]Post-processing PropertySource instances
[INFO] [2020-01-06 22:36:34][com.ulisesbocchio.jasyptspringboot.EncryptablePropertySourceConverter - 41]Converting PropertySource configurationProperties [org.springframework.boot.context.properties.source.ConfigurationPropertySourcesPropertySource] to AOP Proxy
[INFO] [2020-01-06 22:36:34][com.ulisesbocchio.jasyptspringboot.EncryptablePropertySourceConverter - 41]Converting PropertySource Inlined Test Properties [org.springframework.core.env.MapPropertySource] to EncryptableMapPropertySourceWrapper
[INFO] [2020-01-06 22:36:34][com.ulisesbocchio.jasyptspringboot.EncryptablePropertySourceConverter - 41]Converting PropertySource systemProperties [org.springframework.core.env.PropertiesPropertySource] to EncryptableMapPropertySourceWrapper
[INFO] [2020-01-06 22:36:34][com.ulisesbocchio.jasyptspringboot.EncryptablePropertySourceConverter - 41]Converting PropertySource systemEnvironment [org.springframework.boot.env.SystemEnvironmentPropertySourceEnvironmentPostProcessor$OriginAwareSystemEnvironmentPropertySource] to EncryptableSystemEnvironmentPropertySourceWrapper
[INFO] [2020-01-06 22:36:34][com.ulisesbocchio.jasyptspringboot.EncryptablePropertySourceConverter - 41]Converting PropertySource random [org.springframework.boot.env.RandomValuePropertySource] to EncryptablePropertySourceWrapper
[INFO] [2020-01-06 22:36:34][com.ulisesbocchio.jasyptspringboot.EncryptablePropertySourceConverter - 41]Converting PropertySource applicationConfig: [classpath:/application.yml] [org.springframework.boot.env.OriginTrackedMapPropertySource] to EncryptableMapPropertySourceWrapper
[INFO] [2020-01-06 22:36:34][com.ulisesbocchio.jasyptspringboot.filter.DefaultLazyPropertyFilter - 34]Property Filter custom Bean not found with name 'encryptablePropertyFilter'. Initializing Default Property Filter
[INFO] [2020-01-06 22:36:34][com.ulisesbocchio.jasyptspringboot.resolver.DefaultLazyPropertyResolver - 35]Property Resolver custom Bean not found with name 'encryptablePropertyResolver'. Initializing Default Property Resolver
[INFO] [2020-01-06 22:36:34][com.ulisesbocchio.jasyptspringboot.detector.DefaultLazyPropertyDetector - 33]Property Detector custom Bean not found with name 'encryptablePropertyDetector'. Initializing Default Property Detector
[INFO] [2020-01-06 22:36:35][org.springframework.scheduling.concurrent.ThreadPoolTaskExecutor - 171]Initializing ExecutorService 'applicationTaskExecutor'
[WARN] [2020-01-06 22:36:36][org.springframework.boot.autoconfigure.freemarker.FreeMarkerAutoConfiguration - 67]Cannot find template location(s): [classpath:/templates/] (please add some templates, check your FreeMarker configuration, or set spring.freemarker.checkTemplateLocation=false)
[INFO] [2020-01-06 22:36:36][com.qy.test.Test1 - 59]Started Test1 in 2.985 seconds (JVM running for 3.733)
[INFO] [2020-01-06 22:36:36][com.ulisesbocchio.jasyptspringboot.encryptor.DefaultLazyEncryptor - 37]String Encryptor custom Bean not found with name 'jasyptStringEncryptor'. Initializing Default String Encryptor
[INFO] [2020-01-06 22:36:36][com.ulisesbocchio.jasyptspringboot.encryptor.DefaultLazyEncryptor - 91]Encryptor config not found for property jasypt.encryptor.algorithm, using default value: PBEWithMD5AndDES
[INFO] [2020-01-06 22:36:36][com.ulisesbocchio.jasyptspringboot.encryptor.DefaultLazyEncryptor - 91]Encryptor config not found for property jasypt.encryptor.key-obtention-iterations, using default value: 1000
[INFO] [2020-01-06 22:36:36][com.ulisesbocchio.jasyptspringboot.encryptor.DefaultLazyEncryptor - 91]Encryptor config not found for property jasypt.encryptor.pool-size, using default value: 1
[INFO] [2020-01-06 22:36:36][com.ulisesbocchio.jasyptspringboot.encryptor.DefaultLazyEncryptor - 91]Encryptor config not found for property jasypt.encryptor.provider-name, using default value: null
[INFO] [2020-01-06 22:36:36][com.ulisesbocchio.jasyptspringboot.encryptor.DefaultLazyEncryptor - 91]Encryptor config not found for property jasypt.encryptor.provider-class-name, using default value: null
[INFO] [2020-01-06 22:36:36][com.ulisesbocchio.jasyptspringboot.encryptor.DefaultLazyEncryptor - 91]Encryptor config not found for property jasypt.encryptor.salt-generator-classname, using default value: org.jasypt.salt.RandomSaltGenerator
[INFO] [2020-01-06 22:36:36][com.ulisesbocchio.jasyptspringboot.encryptor.DefaultLazyEncryptor - 91]Encryptor config not found for property jasypt.encryptor.iv-generator-classname, using default value: org.jasypt.iv.NoIvGenerator
[INFO] [2020-01-06 22:36:36][com.ulisesbocchio.jasyptspringboot.encryptor.DefaultLazyEncryptor - 91]Encryptor config not found for property jasypt.encryptor.string-output-type, using default value: base64
[INFO] [2020-01-06 22:36:37][org.springframework.scheduling.concurrent.ThreadPoolTaskExecutor - 208]Shutting down ExecutorService 'applicationTaskExecutor'
[INFO] [2020-01-06 22:37:05][org.springframework.boot.test.context.SpringBootTestContextBootstrapper - 308]Neither @ContextConfiguration nor @ContextHierarchy found for test class [com.qy.test.Test1], using SpringBootContextLoader
[INFO] [2020-01-06 22:37:05][org.springframework.test.context.support.AbstractContextLoader - 264]Could not detect default resource locations for test class [com.qy.test.Test1]: no resource found for suffixes {-context.xml, Context.groovy}.
[INFO] [2020-01-06 22:37:05][org.springframework.boot.test.context.SpringBootTestContextBootstrapper - 248]Loaded default TestExecutionListener class names from location [META-INF/spring.factories]: [org.springframework.boot.test.autoconfigure.restdocs.RestDocsTestExecutionListener, org.springframework.boot.test.autoconfigure.web.client.MockRestServiceServerResetTestExecutionListener, org.springframework.boot.test.autoconfigure.web.servlet.MockMvcPrintOnlyOnFailureTestExecutionListener, org.springframework.boot.test.autoconfigure.web.servlet.WebDriverTestExecutionListener, org.springframework.test.context.web.ServletTestExecutionListener, org.springframework.test.context.support.DirtiesContextBeforeModesTestExecutionListener, org.springframework.test.context.support.DependencyInjectionTestExecutionListener, org.springframework.test.context.support.DirtiesContextTestExecutionListener, org.springframework.test.context.transaction.TransactionalTestExecutionListener, org.springframework.test.context.jdbc.SqlScriptsTestExecutionListener, org.springframework.boot.test.mock.mockito.MockitoTestExecutionListener, org.springframework.boot.test.mock.mockito.ResetMocksTestExecutionListener]
[INFO] [2020-01-06 22:37:05][org.springframework.boot.test.context.SpringBootTestContextBootstrapper - 177]Using TestExecutionListeners: [org.springframework.test.context.web.ServletTestExecutionListener@1e802ef9, org.springframework.test.context.support.DirtiesContextBeforeModesTestExecutionListener@2b6faea6, org.springframework.boot.test.mock.mockito.MockitoTestExecutionListener@778d1062, org.springframework.boot.test.autoconfigure.SpringBootDependencyInjectionTestExecutionListener@670002, org.springframework.test.context.support.DirtiesContextTestExecutionListener@1f0f1111, org.springframework.test.context.transaction.TransactionalTestExecutionListener@49c386c8, org.springframework.test.context.jdbc.SqlScriptsTestExecutionListener@56528192, org.springframework.boot.test.autoconfigure.restdocs.RestDocsTestExecutionListener@6e0dec4a, org.springframework.boot.test.autoconfigure.web.client.MockRestServiceServerResetTestExecutionListener@96def03, org.springframework.boot.test.autoconfigure.web.servlet.MockMvcPrintOnlyOnFailureTestExecutionListener@5ccddd20, org.springframework.boot.test.autoconfigure.web.servlet.WebDriverTestExecutionListener@1ed1993a, org.springframework.boot.test.mock.mockito.ResetMocksTestExecutionListener@1f3f4916]
[INFO] [2020-01-06 22:37:05][org.hibernate.validator.internal.util.Version - 21]HV000001: Hibernate Validator 6.0.17.Final
[WARN] [2020-01-06 22:37:05][org.springframework.boot.test.json.DuplicateJsonObjectContextCustomizerFactory$DuplicateJsonObjectContextCustomizer - 81]

Found multiple occurrences of org.json.JSONObject on the class path:

	jar:file:/E:/Java----maven/localRepository/com/vaadin/external/google/android-json/0.0.20131108.vaadin1/android-json-0.0.20131108.vaadin1.jar!/org/json/JSONObject.class
	jar:file:/E:/Java----maven/localRepository/org/json/json/20190722/json-20190722.jar!/org/json/JSONObject.class

You may wish to exclude one of them to ensure predictable runtime behavior

[INFO] [2020-01-06 22:37:05][com.qy.test.Test1 - 50]Starting Test1 on DESKTOP-MV63QL8 with PID 4828 (started by QY3022 in C:\Users\QY3022\Desktop\Test\springboot-demo)
[INFO] [2020-01-06 22:37:05][com.qy.test.Test1 - 648]No active profile set, falling back to default profiles: default
[WARN] [2020-01-06 22:37:06][org.mybatis.spring.mapper.ClassPathMapperScanner - 167]No MyBatis mapper was found in '[com.qy]' package. Please check your configuration.
[INFO] [2020-01-06 22:37:06][com.ulisesbocchio.jasyptspringboot.configuration.EnableEncryptablePropertiesBeanFactoryPostProcessor - 48]Post-processing PropertySource instances
[INFO] [2020-01-06 22:37:06][com.ulisesbocchio.jasyptspringboot.EncryptablePropertySourceConverter - 41]Converting PropertySource configurationProperties [org.springframework.boot.context.properties.source.ConfigurationPropertySourcesPropertySource] to AOP Proxy
[INFO] [2020-01-06 22:37:06][com.ulisesbocchio.jasyptspringboot.EncryptablePropertySourceConverter - 41]Converting PropertySource Inlined Test Properties [org.springframework.core.env.MapPropertySource] to EncryptableMapPropertySourceWrapper
[INFO] [2020-01-06 22:37:06][com.ulisesbocchio.jasyptspringboot.EncryptablePropertySourceConverter - 41]Converting PropertySource systemProperties [org.springframework.core.env.PropertiesPropertySource] to EncryptableMapPropertySourceWrapper
[INFO] [2020-01-06 22:37:06][com.ulisesbocchio.jasyptspringboot.EncryptablePropertySourceConverter - 41]Converting PropertySource systemEnvironment [org.springframework.boot.env.SystemEnvironmentPropertySourceEnvironmentPostProcessor$OriginAwareSystemEnvironmentPropertySource] to EncryptableSystemEnvironmentPropertySourceWrapper
[INFO] [2020-01-06 22:37:06][com.ulisesbocchio.jasyptspringboot.EncryptablePropertySourceConverter - 41]Converting PropertySource random [org.springframework.boot.env.RandomValuePropertySource] to EncryptablePropertySourceWrapper
[INFO] [2020-01-06 22:37:06][com.ulisesbocchio.jasyptspringboot.EncryptablePropertySourceConverter - 41]Converting PropertySource applicationConfig: [classpath:/application.yml] [org.springframework.boot.env.OriginTrackedMapPropertySource] to EncryptableMapPropertySourceWrapper
[INFO] [2020-01-06 22:37:06][com.ulisesbocchio.jasyptspringboot.filter.DefaultLazyPropertyFilter - 34]Property Filter custom Bean not found with name 'encryptablePropertyFilter'. Initializing Default Property Filter
[INFO] [2020-01-06 22:37:06][com.ulisesbocchio.jasyptspringboot.resolver.DefaultLazyPropertyResolver - 35]Property Resolver custom Bean not found with name 'encryptablePropertyResolver'. Initializing Default Property Resolver
[INFO] [2020-01-06 22:37:06][com.ulisesbocchio.jasyptspringboot.detector.DefaultLazyPropertyDetector - 33]Property Detector custom Bean not found with name 'encryptablePropertyDetector'. Initializing Default Property Detector
[INFO] [2020-01-06 22:37:07][org.springframework.scheduling.concurrent.ThreadPoolTaskExecutor - 171]Initializing ExecutorService 'applicationTaskExecutor'
[WARN] [2020-01-06 22:37:07][org.springframework.boot.autoconfigure.freemarker.FreeMarkerAutoConfiguration - 67]Cannot find template location(s): [classpath:/templates/] (please add some templates, check your FreeMarker configuration, or set spring.freemarker.checkTemplateLocation=false)
[INFO] [2020-01-06 22:37:08][com.qy.test.Test1 - 59]Started Test1 in 2.773 seconds (JVM running for 3.531)
[INFO] [2020-01-06 22:37:08][com.ulisesbocchio.jasyptspringboot.encryptor.DefaultLazyEncryptor - 37]String Encryptor custom Bean not found with name 'jasyptStringEncryptor'. Initializing Default String Encryptor
[INFO] [2020-01-06 22:37:08][com.ulisesbocchio.jasyptspringboot.encryptor.DefaultLazyEncryptor - 91]Encryptor config not found for property jasypt.encryptor.algorithm, using default value: PBEWithMD5AndDES
[INFO] [2020-01-06 22:37:08][com.ulisesbocchio.jasyptspringboot.encryptor.DefaultLazyEncryptor - 91]Encryptor config not found for property jasypt.encryptor.key-obtention-iterations, using default value: 1000
[INFO] [2020-01-06 22:37:08][com.ulisesbocchio.jasyptspringboot.encryptor.DefaultLazyEncryptor - 91]Encryptor config not found for property jasypt.encryptor.pool-size, using default value: 1
[INFO] [2020-01-06 22:37:08][com.ulisesbocchio.jasyptspringboot.encryptor.DefaultLazyEncryptor - 91]Encryptor config not found for property jasypt.encryptor.provider-name, using default value: null
[INFO] [2020-01-06 22:37:08][com.ulisesbocchio.jasyptspringboot.encryptor.DefaultLazyEncryptor - 91]Encryptor config not found for property jasypt.encryptor.provider-class-name, using default value: null
[INFO] [2020-01-06 22:37:08][com.ulisesbocchio.jasyptspringboot.encryptor.DefaultLazyEncryptor - 91]Encryptor config not found for property jasypt.encryptor.salt-generator-classname, using default value: org.jasypt.salt.RandomSaltGenerator
[INFO] [2020-01-06 22:37:08][com.ulisesbocchio.jasyptspringboot.encryptor.DefaultLazyEncryptor - 91]Encryptor config not found for property jasypt.encryptor.iv-generator-classname, using default value: org.jasypt.iv.NoIvGenerator
[INFO] [2020-01-06 22:37:08][com.ulisesbocchio.jasyptspringboot.encryptor.DefaultLazyEncryptor - 91]Encryptor config not found for property jasypt.encryptor.string-output-type, using default value: base64
[INFO] [2020-01-06 22:37:09][org.springframework.scheduling.concurrent.ThreadPoolTaskExecutor - 208]Shutting down ExecutorService 'applicationTaskExecutor'
[INFO] [2020-01-06 22:37:36][org.springframework.boot.test.context.SpringBootTestContextBootstrapper - 308]Neither @ContextConfiguration nor @ContextHierarchy found for test class [com.qy.test.Test1], using SpringBootContextLoader
[INFO] [2020-01-06 22:37:36][org.springframework.test.context.support.AbstractContextLoader - 264]Could not detect default resource locations for test class [com.qy.test.Test1]: no resource found for suffixes {-context.xml, Context.groovy}.
[INFO] [2020-01-06 22:37:36][org.springframework.boot.test.context.SpringBootTestContextBootstrapper - 248]Loaded default TestExecutionListener class names from location [META-INF/spring.factories]: [org.springframework.boot.test.autoconfigure.restdocs.RestDocsTestExecutionListener, org.springframework.boot.test.autoconfigure.web.client.MockRestServiceServerResetTestExecutionListener, org.springframework.boot.test.autoconfigure.web.servlet.MockMvcPrintOnlyOnFailureTestExecutionListener, org.springframework.boot.test.autoconfigure.web.servlet.WebDriverTestExecutionListener, org.springframework.test.context.web.ServletTestExecutionListener, org.springframework.test.context.support.DirtiesContextBeforeModesTestExecutionListener, org.springframework.test.context.support.DependencyInjectionTestExecutionListener, org.springframework.test.context.support.DirtiesContextTestExecutionListener, org.springframework.test.context.transaction.TransactionalTestExecutionListener, org.springframework.test.context.jdbc.SqlScriptsTestExecutionListener, org.springframework.boot.test.mock.mockito.MockitoTestExecutionListener, org.springframework.boot.test.mock.mockito.ResetMocksTestExecutionListener]
[INFO] [2020-01-06 22:37:36][org.springframework.boot.test.context.SpringBootTestContextBootstrapper - 177]Using TestExecutionListeners: [org.springframework.test.context.web.ServletTestExecutionListener@60d8c9b7, org.springframework.test.context.support.DirtiesContextBeforeModesTestExecutionListener@48aaecc3, org.springframework.boot.test.mock.mockito.MockitoTestExecutionListener@7c0c77c7, org.springframework.boot.test.autoconfigure.SpringBootDependencyInjectionTestExecutionListener@7adda9cc, org.springframework.test.context.support.DirtiesContextTestExecutionListener@5cee5251, org.springframework.test.context.transaction.TransactionalTestExecutionListener@433d61fb, org.springframework.test.context.jdbc.SqlScriptsTestExecutionListener@5c909414, org.springframework.boot.test.autoconfigure.restdocs.RestDocsTestExecutionListener@4b14c583, org.springframework.boot.test.autoconfigure.web.client.MockRestServiceServerResetTestExecutionListener@65466a6a, org.springframework.boot.test.autoconfigure.web.servlet.MockMvcPrintOnlyOnFailureTestExecutionListener@4ddced80, org.springframework.boot.test.autoconfigure.web.servlet.WebDriverTestExecutionListener@1534f01b, org.springframework.boot.test.mock.mockito.ResetMocksTestExecutionListener@78e117e3]
[INFO] [2020-01-06 22:37:36][org.hibernate.validator.internal.util.Version - 21]HV000001: Hibernate Validator 6.0.17.Final
[WARN] [2020-01-06 22:37:36][org.springframework.boot.test.json.DuplicateJsonObjectContextCustomizerFactory$DuplicateJsonObjectContextCustomizer - 81]

Found multiple occurrences of org.json.JSONObject on the class path:

	jar:file:/E:/Java----maven/localRepository/com/vaadin/external/google/android-json/0.0.20131108.vaadin1/android-json-0.0.20131108.vaadin1.jar!/org/json/JSONObject.class
	jar:file:/E:/Java----maven/localRepository/org/json/json/20190722/json-20190722.jar!/org/json/JSONObject.class

You may wish to exclude one of them to ensure predictable runtime behavior

[INFO] [2020-01-06 22:37:36][com.qy.test.Test1 - 50]Starting Test1 on DESKTOP-MV63QL8 with PID 12444 (started by QY3022 in C:\Users\QY3022\Desktop\Test\springboot-demo)
[INFO] [2020-01-06 22:37:36][com.qy.test.Test1 - 648]No active profile set, falling back to default profiles: default
[WARN] [2020-01-06 22:37:37][org.mybatis.spring.mapper.ClassPathMapperScanner - 167]No MyBatis mapper was found in '[com.qy]' package. Please check your configuration.
[INFO] [2020-01-06 22:37:37][com.ulisesbocchio.jasyptspringboot.configuration.EnableEncryptablePropertiesBeanFactoryPostProcessor - 48]Post-processing PropertySource instances
[INFO] [2020-01-06 22:37:37][com.ulisesbocchio.jasyptspringboot.EncryptablePropertySourceConverter - 41]Converting PropertySource configurationProperties [org.springframework.boot.context.properties.source.ConfigurationPropertySourcesPropertySource] to AOP Proxy
[INFO] [2020-01-06 22:37:37][com.ulisesbocchio.jasyptspringboot.EncryptablePropertySourceConverter - 41]Converting PropertySource Inlined Test Properties [org.springframework.core.env.MapPropertySource] to EncryptableMapPropertySourceWrapper
[INFO] [2020-01-06 22:37:37][com.ulisesbocchio.jasyptspringboot.EncryptablePropertySourceConverter - 41]Converting PropertySource systemProperties [org.springframework.core.env.PropertiesPropertySource] to EncryptableMapPropertySourceWrapper
[INFO] [2020-01-06 22:37:37][com.ulisesbocchio.jasyptspringboot.EncryptablePropertySourceConverter - 41]Converting PropertySource systemEnvironment [org.springframework.boot.env.SystemEnvironmentPropertySourceEnvironmentPostProcessor$OriginAwareSystemEnvironmentPropertySource] to EncryptableSystemEnvironmentPropertySourceWrapper
[INFO] [2020-01-06 22:37:37][com.ulisesbocchio.jasyptspringboot.EncryptablePropertySourceConverter - 41]Converting PropertySource random [org.springframework.boot.env.RandomValuePropertySource] to EncryptablePropertySourceWrapper
[INFO] [2020-01-06 22:37:37][com.ulisesbocchio.jasyptspringboot.EncryptablePropertySourceConverter - 41]Converting PropertySource applicationConfig: [classpath:/application.yml] [org.springframework.boot.env.OriginTrackedMapPropertySource] to EncryptableMapPropertySourceWrapper
[INFO] [2020-01-06 22:37:37][com.ulisesbocchio.jasyptspringboot.filter.DefaultLazyPropertyFilter - 34]Property Filter custom Bean not found with name 'encryptablePropertyFilter'. Initializing Default Property Filter
[INFO] [2020-01-06 22:37:37][com.ulisesbocchio.jasyptspringboot.resolver.DefaultLazyPropertyResolver - 35]Property Resolver custom Bean not found with name 'encryptablePropertyResolver'. Initializing Default Property Resolver
[INFO] [2020-01-06 22:37:37][com.ulisesbocchio.jasyptspringboot.detector.DefaultLazyPropertyDetector - 33]Property Detector custom Bean not found with name 'encryptablePropertyDetector'. Initializing Default Property Detector
[INFO] [2020-01-06 22:37:38][org.springframework.scheduling.concurrent.ThreadPoolTaskExecutor - 171]Initializing ExecutorService 'applicationTaskExecutor'
[WARN] [2020-01-06 22:37:38][org.springframework.boot.autoconfigure.freemarker.FreeMarkerAutoConfiguration - 67]Cannot find template location(s): [classpath:/templates/] (please add some templates, check your FreeMarker configuration, or set spring.freemarker.checkTemplateLocation=false)
[INFO] [2020-01-06 22:37:39][com.qy.test.Test1 - 59]Started Test1 in 2.699 seconds (JVM running for 3.424)
[INFO] [2020-01-06 22:37:39][com.ulisesbocchio.jasyptspringboot.encryptor.DefaultLazyEncryptor - 37]String Encryptor custom Bean not found with name 'jasyptStringEncryptor'. Initializing Default String Encryptor
[INFO] [2020-01-06 22:37:39][com.ulisesbocchio.jasyptspringboot.encryptor.DefaultLazyEncryptor - 91]Encryptor config not found for property jasypt.encryptor.algorithm, using default value: PBEWithMD5AndDES
[INFO] [2020-01-06 22:37:39][com.ulisesbocchio.jasyptspringboot.encryptor.DefaultLazyEncryptor - 91]Encryptor config not found for property jasypt.encryptor.key-obtention-iterations, using default value: 1000
[INFO] [2020-01-06 22:37:39][com.ulisesbocchio.jasyptspringboot.encryptor.DefaultLazyEncryptor - 91]Encryptor config not found for property jasypt.encryptor.pool-size, using default value: 1
[INFO] [2020-01-06 22:37:39][com.ulisesbocchio.jasyptspringboot.encryptor.DefaultLazyEncryptor - 91]Encryptor config not found for property jasypt.encryptor.provider-name, using default value: null
[INFO] [2020-01-06 22:37:39][com.ulisesbocchio.jasyptspringboot.encryptor.DefaultLazyEncryptor - 91]Encryptor config not found for property jasypt.encryptor.provider-class-name, using default value: null
[INFO] [2020-01-06 22:37:39][com.ulisesbocchio.jasyptspringboot.encryptor.DefaultLazyEncryptor - 91]Encryptor config not found for property jasypt.encryptor.salt-generator-classname, using default value: org.jasypt.salt.RandomSaltGenerator
[INFO] [2020-01-06 22:37:39][com.ulisesbocchio.jasyptspringboot.encryptor.DefaultLazyEncryptor - 91]Encryptor config not found for property jasypt.encryptor.iv-generator-classname, using default value: org.jasypt.iv.NoIvGenerator
[INFO] [2020-01-06 22:37:39][com.ulisesbocchio.jasyptspringboot.encryptor.DefaultLazyEncryptor - 91]Encryptor config not found for property jasypt.encryptor.string-output-type, using default value: base64
[INFO] [2020-01-06 22:37:39][org.springframework.scheduling.concurrent.ThreadPoolTaskExecutor - 208]Shutting down ExecutorService 'applicationTaskExecutor'
[INFO] [2020-01-07 09:17:14][org.springframework.boot.test.context.SpringBootTestContextBootstrapper - 308]Neither @ContextConfiguration nor @ContextHierarchy found for test class [com.qy.test.Test1], using SpringBootContextLoader
[INFO] [2020-01-07 09:17:14][org.springframework.test.context.support.AbstractContextLoader - 264]Could not detect default resource locations for test class [com.qy.test.Test1]: no resource found for suffixes {-context.xml, Context.groovy}.
[INFO] [2020-01-07 09:17:14][org.springframework.boot.test.context.SpringBootTestContextBootstrapper - 248]Loaded default TestExecutionListener class names from location [META-INF/spring.factories]: [org.springframework.boot.test.autoconfigure.restdocs.RestDocsTestExecutionListener, org.springframework.boot.test.autoconfigure.web.client.MockRestServiceServerResetTestExecutionListener, org.springframework.boot.test.autoconfigure.web.servlet.MockMvcPrintOnlyOnFailureTestExecutionListener, org.springframework.boot.test.autoconfigure.web.servlet.WebDriverTestExecutionListener, org.springframework.test.context.web.ServletTestExecutionListener, org.springframework.test.context.support.DirtiesContextBeforeModesTestExecutionListener, org.springframework.test.context.support.DependencyInjectionTestExecutionListener, org.springframework.test.context.support.DirtiesContextTestExecutionListener, org.springframework.test.context.transaction.TransactionalTestExecutionListener, org.springframework.test.context.jdbc.SqlScriptsTestExecutionListener, org.springframework.boot.test.mock.mockito.MockitoTestExecutionListener, org.springframework.boot.test.mock.mockito.ResetMocksTestExecutionListener]
[INFO] [2020-01-07 09:17:14][org.springframework.boot.test.context.SpringBootTestContextBootstrapper - 177]Using TestExecutionListeners: [org.springframework.test.context.web.ServletTestExecutionListener@60d8c9b7, org.springframework.test.context.support.DirtiesContextBeforeModesTestExecutionListener@48aaecc3, org.springframework.boot.test.mock.mockito.MockitoTestExecutionListener@7c0c77c7, org.springframework.boot.test.autoconfigure.SpringBootDependencyInjectionTestExecutionListener@7adda9cc, org.springframework.test.context.support.DirtiesContextTestExecutionListener@5cee5251, org.springframework.test.context.transaction.TransactionalTestExecutionListener@433d61fb, org.springframework.test.context.jdbc.SqlScriptsTestExecutionListener@5c909414, org.springframework.boot.test.autoconfigure.restdocs.RestDocsTestExecutionListener@4b14c583, org.springframework.boot.test.autoconfigure.web.client.MockRestServiceServerResetTestExecutionListener@65466a6a, org.springframework.boot.test.autoconfigure.web.servlet.MockMvcPrintOnlyOnFailureTestExecutionListener@4ddced80, org.springframework.boot.test.autoconfigure.web.servlet.WebDriverTestExecutionListener@1534f01b, org.springframework.boot.test.mock.mockito.ResetMocksTestExecutionListener@78e117e3]
[INFO] [2020-01-07 09:17:14][org.hibernate.validator.internal.util.Version - 21]HV000001: Hibernate Validator 6.0.17.Final
[WARN] [2020-01-07 09:17:15][org.springframework.boot.test.json.DuplicateJsonObjectContextCustomizerFactory$DuplicateJsonObjectContextCustomizer - 81]

Found multiple occurrences of org.json.JSONObject on the class path:

	jar:file:/E:/Java----maven/localRepository/com/vaadin/external/google/android-json/0.0.20131108.vaadin1/android-json-0.0.20131108.vaadin1.jar!/org/json/JSONObject.class
	jar:file:/E:/Java----maven/localRepository/org/json/json/20190722/json-20190722.jar!/org/json/JSONObject.class

You may wish to exclude one of them to ensure predictable runtime behavior

[INFO] [2020-01-07 09:17:15][com.qy.test.Test1 - 50]Starting Test1 on DESKTOP-MV63QL8 with PID 8988 (started by QY3022 in C:\Users\QY3022\Desktop\Test\springboot-demo)
[INFO] [2020-01-07 09:17:15][com.qy.test.Test1 - 648]No active profile set, falling back to default profiles: default
[WARN] [2020-01-07 09:17:16][org.mybatis.spring.mapper.ClassPathMapperScanner - 167]No MyBatis mapper was found in '[com.qy]' package. Please check your configuration.
[INFO] [2020-01-07 09:17:16][com.ulisesbocchio.jasyptspringboot.configuration.EnableEncryptablePropertiesBeanFactoryPostProcessor - 48]Post-processing PropertySource instances
[INFO] [2020-01-07 09:17:16][com.ulisesbocchio.jasyptspringboot.EncryptablePropertySourceConverter - 41]Converting PropertySource configurationProperties [org.springframework.boot.context.properties.source.ConfigurationPropertySourcesPropertySource] to AOP Proxy
[INFO] [2020-01-07 09:17:16][com.ulisesbocchio.jasyptspringboot.EncryptablePropertySourceConverter - 41]Converting PropertySource Inlined Test Properties [org.springframework.core.env.MapPropertySource] to EncryptableMapPropertySourceWrapper
[INFO] [2020-01-07 09:17:16][com.ulisesbocchio.jasyptspringboot.EncryptablePropertySourceConverter - 41]Converting PropertySource systemProperties [org.springframework.core.env.PropertiesPropertySource] to EncryptableMapPropertySourceWrapper
[INFO] [2020-01-07 09:17:16][com.ulisesbocchio.jasyptspringboot.EncryptablePropertySourceConverter - 41]Converting PropertySource systemEnvironment [org.springframework.boot.env.SystemEnvironmentPropertySourceEnvironmentPostProcessor$OriginAwareSystemEnvironmentPropertySource] to EncryptableSystemEnvironmentPropertySourceWrapper
[INFO] [2020-01-07 09:17:16][com.ulisesbocchio.jasyptspringboot.EncryptablePropertySourceConverter - 41]Converting PropertySource random [org.springframework.boot.env.RandomValuePropertySource] to EncryptablePropertySourceWrapper
[INFO] [2020-01-07 09:17:16][com.ulisesbocchio.jasyptspringboot.EncryptablePropertySourceConverter - 41]Converting PropertySource applicationConfig: [classpath:/application.yml] [org.springframework.boot.env.OriginTrackedMapPropertySource] to EncryptableMapPropertySourceWrapper
[INFO] [2020-01-07 09:17:16][com.ulisesbocchio.jasyptspringboot.filter.DefaultLazyPropertyFilter - 34]Property Filter custom Bean not found with name 'encryptablePropertyFilter'. Initializing Default Property Filter
[INFO] [2020-01-07 09:17:16][com.ulisesbocchio.jasyptspringboot.resolver.DefaultLazyPropertyResolver - 35]Property Resolver custom Bean not found with name 'encryptablePropertyResolver'. Initializing Default Property Resolver
[INFO] [2020-01-07 09:17:16][com.ulisesbocchio.jasyptspringboot.detector.DefaultLazyPropertyDetector - 33]Property Detector custom Bean not found with name 'encryptablePropertyDetector'. Initializing Default Property Detector
[INFO] [2020-01-07 09:17:17][org.springframework.scheduling.concurrent.ThreadPoolTaskExecutor - 171]Initializing ExecutorService 'applicationTaskExecutor'
[WARN] [2020-01-07 09:17:17][org.springframework.boot.autoconfigure.freemarker.FreeMarkerAutoConfiguration - 67]Cannot find template location(s): [classpath:/templates/] (please add some templates, check your FreeMarker configuration, or set spring.freemarker.checkTemplateLocation=false)
[INFO] [2020-01-07 09:17:17][com.qy.test.Test1 - 59]Started Test1 in 2.886 seconds (JVM running for 3.742)
[INFO] [2020-01-07 09:17:17][com.ulisesbocchio.jasyptspringboot.encryptor.DefaultLazyEncryptor - 37]String Encryptor custom Bean not found with name 'jasyptStringEncryptor'. Initializing Default String Encryptor
[INFO] [2020-01-07 09:17:18][com.ulisesbocchio.jasyptspringboot.encryptor.DefaultLazyEncryptor - 91]Encryptor config not found for property jasypt.encryptor.algorithm, using default value: PBEWithMD5AndDES
[INFO] [2020-01-07 09:17:18][com.ulisesbocchio.jasyptspringboot.encryptor.DefaultLazyEncryptor - 91]Encryptor config not found for property jasypt.encryptor.key-obtention-iterations, using default value: 1000
[INFO] [2020-01-07 09:17:18][com.ulisesbocchio.jasyptspringboot.encryptor.DefaultLazyEncryptor - 91]Encryptor config not found for property jasypt.encryptor.pool-size, using default value: 1
[INFO] [2020-01-07 09:17:18][com.ulisesbocchio.jasyptspringboot.encryptor.DefaultLazyEncryptor - 91]Encryptor config not found for property jasypt.encryptor.provider-name, using default value: null
[INFO] [2020-01-07 09:17:18][com.ulisesbocchio.jasyptspringboot.encryptor.DefaultLazyEncryptor - 91]Encryptor config not found for property jasypt.encryptor.provider-class-name, using default value: null
[INFO] [2020-01-07 09:17:18][com.ulisesbocchio.jasyptspringboot.encryptor.DefaultLazyEncryptor - 91]Encryptor config not found for property jasypt.encryptor.salt-generator-classname, using default value: org.jasypt.salt.RandomSaltGenerator
[INFO] [2020-01-07 09:17:18][com.ulisesbocchio.jasyptspringboot.encryptor.DefaultLazyEncryptor - 91]Encryptor config not found for property jasypt.encryptor.iv-generator-classname, using default value: org.jasypt.iv.NoIvGenerator
[INFO] [2020-01-07 09:17:18][com.ulisesbocchio.jasyptspringboot.encryptor.DefaultLazyEncryptor - 91]Encryptor config not found for property jasypt.encryptor.string-output-type, using default value: base64
[INFO] [2020-01-07 09:17:18][org.springframework.scheduling.concurrent.ThreadPoolTaskExecutor - 208]Shutting down ExecutorService 'applicationTaskExecutor'
[INFO] [2020-01-07 09:45:58][org.springframework.boot.test.context.SpringBootTestContextBootstrapper - 308]Neither @ContextConfiguration nor @ContextHierarchy found for test class [com.qy.test.Test1], using SpringBootContextLoader
[INFO] [2020-01-07 09:45:58][org.springframework.test.context.support.AbstractContextLoader - 264]Could not detect default resource locations for test class [com.qy.test.Test1]: no resource found for suffixes {-context.xml, Context.groovy}.
[INFO] [2020-01-07 09:45:58][org.springframework.boot.test.context.SpringBootTestContextBootstrapper - 248]Loaded default TestExecutionListener class names from location [META-INF/spring.factories]: [org.springframework.boot.test.autoconfigure.restdocs.RestDocsTestExecutionListener, org.springframework.boot.test.autoconfigure.web.client.MockRestServiceServerResetTestExecutionListener, org.springframework.boot.test.autoconfigure.web.servlet.MockMvcPrintOnlyOnFailureTestExecutionListener, org.springframework.boot.test.autoconfigure.web.servlet.WebDriverTestExecutionListener, org.springframework.test.context.web.ServletTestExecutionListener, org.springframework.test.context.support.DirtiesContextBeforeModesTestExecutionListener, org.springframework.test.context.support.DependencyInjectionTestExecutionListener, org.springframework.test.context.support.DirtiesContextTestExecutionListener, org.springframework.test.context.transaction.TransactionalTestExecutionListener, org.springframework.test.context.jdbc.SqlScriptsTestExecutionListener, org.springframework.boot.test.mock.mockito.MockitoTestExecutionListener, org.springframework.boot.test.mock.mockito.ResetMocksTestExecutionListener]
[INFO] [2020-01-07 09:45:58][org.springframework.boot.test.context.SpringBootTestContextBootstrapper - 177]Using TestExecutionListeners: [org.springframework.test.context.web.ServletTestExecutionListener@60d8c9b7, org.springframework.test.context.support.DirtiesContextBeforeModesTestExecutionListener@48aaecc3, org.springframework.boot.test.mock.mockito.MockitoTestExecutionListener@7c0c77c7, org.springframework.boot.test.autoconfigure.SpringBootDependencyInjectionTestExecutionListener@7adda9cc, org.springframework.test.context.support.DirtiesContextTestExecutionListener@5cee5251, org.springframework.test.context.transaction.TransactionalTestExecutionListener@433d61fb, org.springframework.test.context.jdbc.SqlScriptsTestExecutionListener@5c909414, org.springframework.boot.test.autoconfigure.restdocs.RestDocsTestExecutionListener@4b14c583, org.springframework.boot.test.autoconfigure.web.client.MockRestServiceServerResetTestExecutionListener@65466a6a, org.springframework.boot.test.autoconfigure.web.servlet.MockMvcPrintOnlyOnFailureTestExecutionListener@4ddced80, org.springframework.boot.test.autoconfigure.web.servlet.WebDriverTestExecutionListener@1534f01b, org.springframework.boot.test.mock.mockito.ResetMocksTestExecutionListener@78e117e3]
[INFO] [2020-01-07 09:45:59][org.hibernate.validator.internal.util.Version - 21]HV000001: Hibernate Validator 6.0.17.Final
[WARN] [2020-01-07 09:45:59][org.springframework.boot.test.json.DuplicateJsonObjectContextCustomizerFactory$DuplicateJsonObjectContextCustomizer - 81]

Found multiple occurrences of org.json.JSONObject on the class path:

	jar:file:/E:/Java----maven/localRepository/com/vaadin/external/google/android-json/0.0.20131108.vaadin1/android-json-0.0.20131108.vaadin1.jar!/org/json/JSONObject.class
	jar:file:/E:/Java----maven/localRepository/org/json/json/20190722/json-20190722.jar!/org/json/JSONObject.class

You may wish to exclude one of them to ensure predictable runtime behavior

[INFO] [2020-01-07 09:45:59][com.qy.test.Test1 - 50]Starting Test1 on DESKTOP-MV63QL8 with PID 1296 (started by QY3022 in C:\Users\QY3022\Desktop\Test\springboot-demo)
[INFO] [2020-01-07 09:45:59][com.qy.test.Test1 - 648]No active profile set, falling back to default profiles: default
[WARN] [2020-01-07 09:46:00][org.mybatis.spring.mapper.ClassPathMapperScanner - 167]No MyBatis mapper was found in '[com.qy]' package. Please check your configuration.
[INFO] [2020-01-07 09:46:00][com.ulisesbocchio.jasyptspringboot.configuration.EnableEncryptablePropertiesBeanFactoryPostProcessor - 48]Post-processing PropertySource instances
[INFO] [2020-01-07 09:46:00][com.ulisesbocchio.jasyptspringboot.EncryptablePropertySourceConverter - 41]Converting PropertySource configurationProperties [org.springframework.boot.context.properties.source.ConfigurationPropertySourcesPropertySource] to AOP Proxy
[INFO] [2020-01-07 09:46:00][com.ulisesbocchio.jasyptspringboot.EncryptablePropertySourceConverter - 41]Converting PropertySource Inlined Test Properties [org.springframework.core.env.MapPropertySource] to EncryptableMapPropertySourceWrapper
[INFO] [2020-01-07 09:46:00][com.ulisesbocchio.jasyptspringboot.EncryptablePropertySourceConverter - 41]Converting PropertySource systemProperties [org.springframework.core.env.PropertiesPropertySource] to EncryptableMapPropertySourceWrapper
[INFO] [2020-01-07 09:46:00][com.ulisesbocchio.jasyptspringboot.EncryptablePropertySourceConverter - 41]Converting PropertySource systemEnvironment [org.springframework.boot.env.SystemEnvironmentPropertySourceEnvironmentPostProcessor$OriginAwareSystemEnvironmentPropertySource] to EncryptableSystemEnvironmentPropertySourceWrapper
[INFO] [2020-01-07 09:46:00][com.ulisesbocchio.jasyptspringboot.EncryptablePropertySourceConverter - 41]Converting PropertySource random [org.springframework.boot.env.RandomValuePropertySource] to EncryptablePropertySourceWrapper
[INFO] [2020-01-07 09:46:00][com.ulisesbocchio.jasyptspringboot.EncryptablePropertySourceConverter - 41]Converting PropertySource applicationConfig: [classpath:/application.yml] [org.springframework.boot.env.OriginTrackedMapPropertySource] to EncryptableMapPropertySourceWrapper
[INFO] [2020-01-07 09:46:00][com.ulisesbocchio.jasyptspringboot.filter.DefaultLazyPropertyFilter - 34]Property Filter custom Bean not found with name 'encryptablePropertyFilter'. Initializing Default Property Filter
[INFO] [2020-01-07 09:46:00][com.ulisesbocchio.jasyptspringboot.resolver.DefaultLazyPropertyResolver - 35]Property Resolver custom Bean not found with name 'encryptablePropertyResolver'. Initializing Default Property Resolver
[INFO] [2020-01-07 09:46:00][com.ulisesbocchio.jasyptspringboot.detector.DefaultLazyPropertyDetector - 33]Property Detector custom Bean not found with name 'encryptablePropertyDetector'. Initializing Default Property Detector
[INFO] [2020-01-07 09:46:01][org.springframework.scheduling.concurrent.ThreadPoolTaskExecutor - 171]Initializing ExecutorService 'applicationTaskExecutor'
[WARN] [2020-01-07 09:46:01][org.springframework.boot.autoconfigure.freemarker.FreeMarkerAutoConfiguration - 67]Cannot find template location(s): [classpath:/templates/] (please add some templates, check your FreeMarker configuration, or set spring.freemarker.checkTemplateLocation=false)
[INFO] [2020-01-07 09:46:01][com.qy.test.Test1 - 59]Started Test1 in 2.931 seconds (JVM running for 3.701)
[INFO] [2020-01-07 09:46:02][com.ulisesbocchio.jasyptspringboot.encryptor.DefaultLazyEncryptor - 37]String Encryptor custom Bean not found with name 'jasyptStringEncryptor'. Initializing Default String Encryptor
[INFO] [2020-01-07 09:46:02][org.springframework.scheduling.concurrent.ThreadPoolTaskExecutor - 208]Shutting down ExecutorService 'applicationTaskExecutor'
[INFO] [2020-01-07 09:46:31][org.springframework.boot.test.context.SpringBootTestContextBootstrapper - 308]Neither @ContextConfiguration nor @ContextHierarchy found for test class [com.qy.test.Test1], using SpringBootContextLoader
[INFO] [2020-01-07 09:46:31][org.springframework.test.context.support.AbstractContextLoader - 264]Could not detect default resource locations for test class [com.qy.test.Test1]: no resource found for suffixes {-context.xml, Context.groovy}.
[INFO] [2020-01-07 09:46:31][org.springframework.boot.test.context.SpringBootTestContextBootstrapper - 248]Loaded default TestExecutionListener class names from location [META-INF/spring.factories]: [org.springframework.boot.test.autoconfigure.restdocs.RestDocsTestExecutionListener, org.springframework.boot.test.autoconfigure.web.client.MockRestServiceServerResetTestExecutionListener, org.springframework.boot.test.autoconfigure.web.servlet.MockMvcPrintOnlyOnFailureTestExecutionListener, org.springframework.boot.test.autoconfigure.web.servlet.WebDriverTestExecutionListener, org.springframework.test.context.web.ServletTestExecutionListener, org.springframework.test.context.support.DirtiesContextBeforeModesTestExecutionListener, org.springframework.test.context.support.DependencyInjectionTestExecutionListener, org.springframework.test.context.support.DirtiesContextTestExecutionListener, org.springframework.test.context.transaction.TransactionalTestExecutionListener, org.springframework.test.context.jdbc.SqlScriptsTestExecutionListener, org.springframework.boot.test.mock.mockito.MockitoTestExecutionListener, org.springframework.boot.test.mock.mockito.ResetMocksTestExecutionListener]
[INFO] [2020-01-07 09:46:31][org.springframework.boot.test.context.SpringBootTestContextBootstrapper - 177]Using TestExecutionListeners: [org.springframework.test.context.web.ServletTestExecutionListener@60d8c9b7, org.springframework.test.context.support.DirtiesContextBeforeModesTestExecutionListener@48aaecc3, org.springframework.boot.test.mock.mockito.MockitoTestExecutionListener@7c0c77c7, org.springframework.boot.test.autoconfigure.SpringBootDependencyInjectionTestExecutionListener@7adda9cc, org.springframework.test.context.support.DirtiesContextTestExecutionListener@5cee5251, org.springframework.test.context.transaction.TransactionalTestExecutionListener@433d61fb, org.springframework.test.context.jdbc.SqlScriptsTestExecutionListener@5c909414, org.springframework.boot.test.autoconfigure.restdocs.RestDocsTestExecutionListener@4b14c583, org.springframework.boot.test.autoconfigure.web.client.MockRestServiceServerResetTestExecutionListener@65466a6a, org.springframework.boot.test.autoconfigure.web.servlet.MockMvcPrintOnlyOnFailureTestExecutionListener@4ddced80, org.springframework.boot.test.autoconfigure.web.servlet.WebDriverTestExecutionListener@1534f01b, org.springframework.boot.test.mock.mockito.ResetMocksTestExecutionListener@78e117e3]
[INFO] [2020-01-07 09:46:31][org.hibernate.validator.internal.util.Version - 21]HV000001: Hibernate Validator 6.0.17.Final
[WARN] [2020-01-07 09:46:31][org.springframework.boot.test.json.DuplicateJsonObjectContextCustomizerFactory$DuplicateJsonObjectContextCustomizer - 81]

Found multiple occurrences of org.json.JSONObject on the class path:

	jar:file:/E:/Java----maven/localRepository/com/vaadin/external/google/android-json/0.0.20131108.vaadin1/android-json-0.0.20131108.vaadin1.jar!/org/json/JSONObject.class
	jar:file:/E:/Java----maven/localRepository/org/json/json/20190722/json-20190722.jar!/org/json/JSONObject.class

You may wish to exclude one of them to ensure predictable runtime behavior

[INFO] [2020-01-07 09:46:31][com.qy.test.Test1 - 50]Starting Test1 on DESKTOP-MV63QL8 with PID 14916 (started by QY3022 in C:\Users\QY3022\Desktop\Test\springboot-demo)
[INFO] [2020-01-07 09:46:31][com.qy.test.Test1 - 648]No active profile set, falling back to default profiles: default
[WARN] [2020-01-07 09:46:32][org.mybatis.spring.mapper.ClassPathMapperScanner - 167]No MyBatis mapper was found in '[com.qy]' package. Please check your configuration.
[INFO] [2020-01-07 09:46:32][com.ulisesbocchio.jasyptspringboot.configuration.EnableEncryptablePropertiesBeanFactoryPostProcessor - 48]Post-processing PropertySource instances
[INFO] [2020-01-07 09:46:32][com.ulisesbocchio.jasyptspringboot.EncryptablePropertySourceConverter - 41]Converting PropertySource configurationProperties [org.springframework.boot.context.properties.source.ConfigurationPropertySourcesPropertySource] to AOP Proxy
[INFO] [2020-01-07 09:46:32][com.ulisesbocchio.jasyptspringboot.EncryptablePropertySourceConverter - 41]Converting PropertySource Inlined Test Properties [org.springframework.core.env.MapPropertySource] to EncryptableMapPropertySourceWrapper
[INFO] [2020-01-07 09:46:32][com.ulisesbocchio.jasyptspringboot.EncryptablePropertySourceConverter - 41]Converting PropertySource systemProperties [org.springframework.core.env.PropertiesPropertySource] to EncryptableMapPropertySourceWrapper
[INFO] [2020-01-07 09:46:32][com.ulisesbocchio.jasyptspringboot.EncryptablePropertySourceConverter - 41]Converting PropertySource systemEnvironment [org.springframework.boot.env.SystemEnvironmentPropertySourceEnvironmentPostProcessor$OriginAwareSystemEnvironmentPropertySource] to EncryptableSystemEnvironmentPropertySourceWrapper
[INFO] [2020-01-07 09:46:32][com.ulisesbocchio.jasyptspringboot.EncryptablePropertySourceConverter - 41]Converting PropertySource random [org.springframework.boot.env.RandomValuePropertySource] to EncryptablePropertySourceWrapper
[INFO] [2020-01-07 09:46:32][com.ulisesbocchio.jasyptspringboot.EncryptablePropertySourceConverter - 41]Converting PropertySource applicationConfig: [classpath:/application.yml] [org.springframework.boot.env.OriginTrackedMapPropertySource] to EncryptableMapPropertySourceWrapper
[INFO] [2020-01-07 09:46:32][com.ulisesbocchio.jasyptspringboot.filter.DefaultLazyPropertyFilter - 34]Property Filter custom Bean not found with name 'encryptablePropertyFilter'. Initializing Default Property Filter
[INFO] [2020-01-07 09:46:33][com.ulisesbocchio.jasyptspringboot.resolver.DefaultLazyPropertyResolver - 35]Property Resolver custom Bean not found with name 'encryptablePropertyResolver'. Initializing Default Property Resolver
[INFO] [2020-01-07 09:46:33][com.ulisesbocchio.jasyptspringboot.detector.DefaultLazyPropertyDetector - 33]Property Detector custom Bean not found with name 'encryptablePropertyDetector'. Initializing Default Property Detector
[INFO] [2020-01-07 09:46:33][org.springframework.scheduling.concurrent.ThreadPoolTaskExecutor - 171]Initializing ExecutorService 'applicationTaskExecutor'
[WARN] [2020-01-07 09:46:34][org.springframework.boot.autoconfigure.freemarker.FreeMarkerAutoConfiguration - 67]Cannot find template location(s): [classpath:/templates/] (please add some templates, check your FreeMarker configuration, or set spring.freemarker.checkTemplateLocation=false)
[INFO] [2020-01-07 09:46:34][com.qy.test.Test1 - 59]Started Test1 in 2.743 seconds (JVM running for 3.451)
[INFO] [2020-01-07 09:46:34][com.ulisesbocchio.jasyptspringboot.encryptor.DefaultLazyEncryptor - 37]String Encryptor custom Bean not found with name 'jasyptStringEncryptor'. Initializing Default String Encryptor
[INFO] [2020-01-07 09:46:34][com.ulisesbocchio.jasyptspringboot.encryptor.DefaultLazyEncryptor - 91]Encryptor config not found for property jasypt.encryptor.algorithm, using default value: PBEWithMD5AndDES
[INFO] [2020-01-07 09:46:34][com.ulisesbocchio.jasyptspringboot.encryptor.DefaultLazyEncryptor - 91]Encryptor config not found for property jasypt.encryptor.key-obtention-iterations, using default value: 1000
[INFO] [2020-01-07 09:46:34][com.ulisesbocchio.jasyptspringboot.encryptor.DefaultLazyEncryptor - 91]Encryptor config not found for property jasypt.encryptor.pool-size, using default value: 1
[INFO] [2020-01-07 09:46:34][com.ulisesbocchio.jasyptspringboot.encryptor.DefaultLazyEncryptor - 91]Encryptor config not found for property jasypt.encryptor.provider-name, using default value: null
[INFO] [2020-01-07 09:46:34][com.ulisesbocchio.jasyptspringboot.encryptor.DefaultLazyEncryptor - 91]Encryptor config not found for property jasypt.encryptor.provider-class-name, using default value: null
[INFO] [2020-01-07 09:46:34][com.ulisesbocchio.jasyptspringboot.encryptor.DefaultLazyEncryptor - 91]Encryptor config not found for property jasypt.encryptor.salt-generator-classname, using default value: org.jasypt.salt.RandomSaltGenerator
[INFO] [2020-01-07 09:46:34][com.ulisesbocchio.jasyptspringboot.encryptor.DefaultLazyEncryptor - 91]Encryptor config not found for property jasypt.encryptor.iv-generator-classname, using default value: org.jasypt.iv.NoIvGenerator
[INFO] [2020-01-07 09:46:34][com.ulisesbocchio.jasyptspringboot.encryptor.DefaultLazyEncryptor - 91]Encryptor config not found for property jasypt.encryptor.string-output-type, using default value: base64
[INFO] [2020-01-07 09:46:35][org.springframework.scheduling.concurrent.ThreadPoolTaskExecutor - 208]Shutting down ExecutorService 'applicationTaskExecutor'
[INFO] [2020-01-07 09:46:45][org.springframework.boot.test.context.SpringBootTestContextBootstrapper - 308]Neither @ContextConfiguration nor @ContextHierarchy found for test class [com.qy.test.Test1], using SpringBootContextLoader
[INFO] [2020-01-07 09:46:45][org.springframework.test.context.support.AbstractContextLoader - 264]Could not detect default resource locations for test class [com.qy.test.Test1]: no resource found for suffixes {-context.xml, Context.groovy}.
[INFO] [2020-01-07 09:46:45][org.springframework.boot.test.context.SpringBootTestContextBootstrapper - 248]Loaded default TestExecutionListener class names from location [META-INF/spring.factories]: [org.springframework.boot.test.autoconfigure.restdocs.RestDocsTestExecutionListener, org.springframework.boot.test.autoconfigure.web.client.MockRestServiceServerResetTestExecutionListener, org.springframework.boot.test.autoconfigure.web.servlet.MockMvcPrintOnlyOnFailureTestExecutionListener, org.springframework.boot.test.autoconfigure.web.servlet.WebDriverTestExecutionListener, org.springframework.test.context.web.ServletTestExecutionListener, org.springframework.test.context.support.DirtiesContextBeforeModesTestExecutionListener, org.springframework.test.context.support.DependencyInjectionTestExecutionListener, org.springframework.test.context.support.DirtiesContextTestExecutionListener, org.springframework.test.context.transaction.TransactionalTestExecutionListener, org.springframework.test.context.jdbc.SqlScriptsTestExecutionListener, org.springframework.boot.test.mock.mockito.MockitoTestExecutionListener, org.springframework.boot.test.mock.mockito.ResetMocksTestExecutionListener]
[INFO] [2020-01-07 09:46:45][org.springframework.boot.test.context.SpringBootTestContextBootstrapper - 177]Using TestExecutionListeners: [org.springframework.test.context.web.ServletTestExecutionListener@60d8c9b7, org.springframework.test.context.support.DirtiesContextBeforeModesTestExecutionListener@48aaecc3, org.springframework.boot.test.mock.mockito.MockitoTestExecutionListener@7c0c77c7, org.springframework.boot.test.autoconfigure.SpringBootDependencyInjectionTestExecutionListener@7adda9cc, org.springframework.test.context.support.DirtiesContextTestExecutionListener@5cee5251, org.springframework.test.context.transaction.TransactionalTestExecutionListener@433d61fb, org.springframework.test.context.jdbc.SqlScriptsTestExecutionListener@5c909414, org.springframework.boot.test.autoconfigure.restdocs.RestDocsTestExecutionListener@4b14c583, org.springframework.boot.test.autoconfigure.web.client.MockRestServiceServerResetTestExecutionListener@65466a6a, org.springframework.boot.test.autoconfigure.web.servlet.MockMvcPrintOnlyOnFailureTestExecutionListener@4ddced80, org.springframework.boot.test.autoconfigure.web.servlet.WebDriverTestExecutionListener@1534f01b, org.springframework.boot.test.mock.mockito.ResetMocksTestExecutionListener@78e117e3]
[INFO] [2020-01-07 09:46:45][org.hibernate.validator.internal.util.Version - 21]HV000001: Hibernate Validator 6.0.17.Final
[WARN] [2020-01-07 09:46:46][org.springframework.boot.test.json.DuplicateJsonObjectContextCustomizerFactory$DuplicateJsonObjectContextCustomizer - 81]

Found multiple occurrences of org.json.JSONObject on the class path:

	jar:file:/E:/Java----maven/localRepository/com/vaadin/external/google/android-json/0.0.20131108.vaadin1/android-json-0.0.20131108.vaadin1.jar!/org/json/JSONObject.class
	jar:file:/E:/Java----maven/localRepository/org/json/json/20190722/json-20190722.jar!/org/json/JSONObject.class

You may wish to exclude one of them to ensure predictable runtime behavior

[INFO] [2020-01-07 09:46:46][com.qy.test.Test1 - 50]Starting Test1 on DESKTOP-MV63QL8 with PID 16544 (started by QY3022 in C:\Users\QY3022\Desktop\Test\springboot-demo)
[INFO] [2020-01-07 09:46:46][com.qy.test.Test1 - 648]No active profile set, falling back to default profiles: default
[WARN] [2020-01-07 09:46:46][org.mybatis.spring.mapper.ClassPathMapperScanner - 167]No MyBatis mapper was found in '[com.qy]' package. Please check your configuration.
[INFO] [2020-01-07 09:46:47][com.ulisesbocchio.jasyptspringboot.configuration.EnableEncryptablePropertiesBeanFactoryPostProcessor - 48]Post-processing PropertySource instances
[INFO] [2020-01-07 09:46:47][com.ulisesbocchio.jasyptspringboot.EncryptablePropertySourceConverter - 41]Converting PropertySource configurationProperties [org.springframework.boot.context.properties.source.ConfigurationPropertySourcesPropertySource] to AOP Proxy
[INFO] [2020-01-07 09:46:47][com.ulisesbocchio.jasyptspringboot.EncryptablePropertySourceConverter - 41]Converting PropertySource Inlined Test Properties [org.springframework.core.env.MapPropertySource] to EncryptableMapPropertySourceWrapper
[INFO] [2020-01-07 09:46:47][com.ulisesbocchio.jasyptspringboot.EncryptablePropertySourceConverter - 41]Converting PropertySource systemProperties [org.springframework.core.env.PropertiesPropertySource] to EncryptableMapPropertySourceWrapper
[INFO] [2020-01-07 09:46:47][com.ulisesbocchio.jasyptspringboot.EncryptablePropertySourceConverter - 41]Converting PropertySource systemEnvironment [org.springframework.boot.env.SystemEnvironmentPropertySourceEnvironmentPostProcessor$OriginAwareSystemEnvironmentPropertySource] to EncryptableSystemEnvironmentPropertySourceWrapper
[INFO] [2020-01-07 09:46:47][com.ulisesbocchio.jasyptspringboot.EncryptablePropertySourceConverter - 41]Converting PropertySource random [org.springframework.boot.env.RandomValuePropertySource] to EncryptablePropertySourceWrapper
[INFO] [2020-01-07 09:46:47][com.ulisesbocchio.jasyptspringboot.EncryptablePropertySourceConverter - 41]Converting PropertySource applicationConfig: [classpath:/application.yml] [org.springframework.boot.env.OriginTrackedMapPropertySource] to EncryptableMapPropertySourceWrapper
[INFO] [2020-01-07 09:46:47][com.ulisesbocchio.jasyptspringboot.filter.DefaultLazyPropertyFilter - 34]Property Filter custom Bean not found with name 'encryptablePropertyFilter'. Initializing Default Property Filter
[INFO] [2020-01-07 09:46:47][com.ulisesbocchio.jasyptspringboot.resolver.DefaultLazyPropertyResolver - 35]Property Resolver custom Bean not found with name 'encryptablePropertyResolver'. Initializing Default Property Resolver
[INFO] [2020-01-07 09:46:47][com.ulisesbocchio.jasyptspringboot.detector.DefaultLazyPropertyDetector - 33]Property Detector custom Bean not found with name 'encryptablePropertyDetector'. Initializing Default Property Detector
[INFO] [2020-01-07 09:46:47][org.springframework.scheduling.concurrent.ThreadPoolTaskExecutor - 171]Initializing ExecutorService 'applicationTaskExecutor'
[WARN] [2020-01-07 09:46:48][org.springframework.boot.autoconfigure.freemarker.FreeMarkerAutoConfiguration - 67]Cannot find template location(s): [classpath:/templates/] (please add some templates, check your FreeMarker configuration, or set spring.freemarker.checkTemplateLocation=false)
[INFO] [2020-01-07 09:46:48][com.qy.test.Test1 - 59]Started Test1 in 2.832 seconds (JVM running for 3.554)
[INFO] [2020-01-07 09:46:48][com.ulisesbocchio.jasyptspringboot.encryptor.DefaultLazyEncryptor - 37]String Encryptor custom Bean not found with name 'jasyptStringEncryptor'. Initializing Default String Encryptor
[INFO] [2020-01-07 09:46:48][com.ulisesbocchio.jasyptspringboot.encryptor.DefaultLazyEncryptor - 91]Encryptor config not found for property jasypt.encryptor.algorithm, using default value: PBEWithMD5AndDES
[INFO] [2020-01-07 09:46:48][com.ulisesbocchio.jasyptspringboot.encryptor.DefaultLazyEncryptor - 91]Encryptor config not found for property jasypt.encryptor.key-obtention-iterations, using default value: 1000
[INFO] [2020-01-07 09:46:48][com.ulisesbocchio.jasyptspringboot.encryptor.DefaultLazyEncryptor - 91]Encryptor config not found for property jasypt.encryptor.pool-size, using default value: 1
[INFO] [2020-01-07 09:46:48][com.ulisesbocchio.jasyptspringboot.encryptor.DefaultLazyEncryptor - 91]Encryptor config not found for property jasypt.encryptor.provider-name, using default value: null
[INFO] [2020-01-07 09:46:48][com.ulisesbocchio.jasyptspringboot.encryptor.DefaultLazyEncryptor - 91]Encryptor config not found for property jasypt.encryptor.provider-class-name, using default value: null
[INFO] [2020-01-07 09:46:48][com.ulisesbocchio.jasyptspringboot.encryptor.DefaultLazyEncryptor - 91]Encryptor config not found for property jasypt.encryptor.salt-generator-classname, using default value: org.jasypt.salt.RandomSaltGenerator
[INFO] [2020-01-07 09:46:48][com.ulisesbocchio.jasyptspringboot.encryptor.DefaultLazyEncryptor - 91]Encryptor config not found for property jasypt.encryptor.iv-generator-classname, using default value: org.jasypt.iv.NoIvGenerator
[INFO] [2020-01-07 09:46:48][com.ulisesbocchio.jasyptspringboot.encryptor.DefaultLazyEncryptor - 91]Encryptor config not found for property jasypt.encryptor.string-output-type, using default value: base64
[INFO] [2020-01-07 09:46:50][org.springframework.scheduling.concurrent.ThreadPoolTaskExecutor - 208]Shutting down ExecutorService 'applicationTaskExecutor'
